<?xml version="1.0" encoding="UTF-8"?>
<!-- Generated by org.testng.reporters.JUnitReportReporter -->
<testsuite hostname="LAPTOP-C1FCT89M" name="testng.Test3" tests="2" failures="0" timestamp="10 Oct 2021 13:08:23 GMT" time="0.004" errors="0">
  <testcase name="test2" time="0.002" classname="testng.Test3"/>
  <testcase name="test1" time="0.002" classname="testng.Test3"/>
</testsuite> <!-- testng.Test3 -->
