<?xml version="1.0" encoding="UTF-8"?>
<!-- Generated by org.testng.reporters.JUnitReportReporter -->
<testsuite hostname="LAPTOP-C1FCT89M" name="testng.Test2" tests="2" failures="0" timestamp="10 Oct 2021 13:08:23 GMT" time="0.009" errors="0">
  <testcase name="test2" time="0.006" classname="testng.Test2"/>
  <testcase name="test1" time="0.003" classname="testng.Test2"/>
</testsuite> <!-- testng.Test2 -->
