<?xml version="1.0" encoding="UTF-8"?>
<!-- Generated by org.testng.reporters.JUnitReportReporter -->
<testsuite hostname="LAPTOP-C1FCT89M" name="example.NewTest" tests="1" failures="0" timestamp="29 Oct 2021 11:47:28 GMT" time="13.802" errors="0">
  <testcase name="testEasy" time="13.802" classname="example.NewTest"/>
</testsuite> <!-- example.NewTest -->
