<?xml version="1.0" encoding="UTF-8"?>
<!-- Generated by org.testng.reporters.JUnitReportReporter -->
<testsuite skipped="0" hostname="LAPTOP-C1FCT89M" name="testng.Test2" tests="1" failures="0" timestamp="11 Oct 2021 09:03:27 GMT" time="0.034" errors="0">
  <testcase name="test2" time="0.034" classname="testng.Test2"/>
</testsuite> <!-- testng.Test2 -->
