<?xml version="1.0" encoding="UTF-8"?>
<!-- Generated by org.testng.reporters.JUnitReportReporter -->
<testsuite hostname="LAPTOP-C1FCT89M" name="example.NewTest" tests="1" failures="0" timestamp="29 Oct 2021 12:16:51 GMT" time="14.870" errors="0">
  <testcase name="testEasy" time="14.870" classname="example.NewTest"/>
</testsuite> <!-- example.NewTest -->
